[2019-09-07 15:56:57:776][INFO ] Application Listening At Port 80
[2019-09-07 16:01:30:705][INFO ] Application Listening At Port 80
[2019-09-07 16:02:17:748][INFO ] New One Connected.
[2019-09-07 16:02:23:797][INFO ] New One Connected.
[2019-09-07 16:04:14:045][INFO ] Application Listening At Port 80
[2019-09-07 16:04:16:584][INFO ] New One Connected.
[2019-09-07 16:04:16:667][INFO ] New One Connected.
[2019-09-07 16:04:18:987][INFO ] New One Connected.
[2019-09-07 16:04:26:967][INFO ] User ow Disconnect.
[2019-09-07 16:04:27:092][INFO ] New One Connected.
[2019-09-07 16:04:33:301][INFO ] User Kevin Disconnect.
[2019-09-07 16:04:33:355][INFO ] New One Connected.
[2019-09-07 16:04:46:573][INFO ] User  Disconnect.
[2019-09-07 16:04:55:097][INFO ] Application Listening At Port 80
[2019-09-07 16:04:56:126][INFO ] New One Connected.
[2019-09-07 16:04:59:819][INFO ] User Drow Disconnect.
[2019-09-07 16:04:59:930][INFO ] New One Connected.
[2019-09-07 16:05:00:986][INFO ] New One Connected.
[2019-09-07 16:05:13:311][INFO ] User Drow Disconnect.
[2019-09-07 16:05:26:669][INFO ] New One Connected.
[2019-09-07 16:06:36:347][INFO ] Application Listening At Port 80
[2019-09-07 16:06:38:544][INFO ] New One Connected.
[2019-09-07 16:06:39:616][INFO ] New One Connected.
[2019-09-07 16:06:57:539][INFO ] User Drow Disconnect.
[2019-09-07 16:06:57:701][INFO ] New One Connected.
[2019-09-07 16:08:39:426][INFO ] Application Listening At Port 80
[2019-09-07 16:08:39:905][INFO ] New One Connected.
[2019-09-07 16:08:42:409][INFO ] New One Connected.
[2019-09-07 16:13:07:792][INFO ] Application Listening At Port 80
[2019-09-07 16:13:07:978][INFO ] New One Connected.
[2019-09-07 16:13:08:888][INFO ] New One Connected.
[2019-09-07 16:13:23:202][INFO ] User Kevin Disconnect.
[2019-09-07 16:13:23:373][INFO ] New One Connected.
[2019-09-07 16:13:44:121][INFO ] User Drow Disconnect.
[2019-09-07 16:13:44:471][INFO ] New One Connected.
[2019-09-07 16:15:07:687][INFO ] User Drow Disconnect.
[2019-09-07 16:15:07:947][INFO ] New One Connected.
[2019-09-07 16:15:14:940][INFO ] User Kevin Disconnect.
[2019-09-07 16:15:15:070][INFO ] New One Connected.
[2019-09-07 16:15:49:886][INFO ] User Kevin Disconnect.
[2019-09-07 16:15:50:575][INFO ] New One Connected.
[2019-09-07 16:16:08:609][INFO ] User Kevin Disconnect.
[2019-09-07 16:16:08:715][INFO ] New One Connected.
[2019-09-07 16:46:26:180][INFO ] Application Listening At Port 80
[2019-09-07 16:46:26:367][INFO ] New One Connected.
[2019-09-07 16:46:27:048][INFO ] New One Connected.
[2019-09-07 16:46:56:358][INFO ] User  Disconnect.
[2019-09-07 16:46:57:054][INFO ] User  Disconnect.
[2019-09-07 16:47:31:369][INFO ] New One Connected.
[2019-09-07 16:47:35:158][INFO ] User 易哈哈 Disconnect.
[2019-09-07 16:47:35:342][INFO ] New One Connected.
[2019-09-07 16:47:52:172][INFO ] New One Connected.
[2019-09-07 16:47:56:544][INFO ] User 易哈哈 Disconnect.
[2019-09-07 16:47:56:672][INFO ] New One Connected.
[2019-09-07 16:52:29:276][INFO ] User Test Disconnect.
[2019-09-07 16:52:29:411][INFO ] New One Connected.
[2019-09-07 16:53:28:898][INFO ] User Test Disconnect.
[2019-09-07 16:54:11:894][INFO ] Application Listening At Port 80
[2019-09-07 16:54:12:014][INFO ] New One Connected.
[2019-09-07 16:54:23:141][INFO ] New One Connected.
[2019-09-07 16:54:46:822][INFO ] User Test Disconnect.
[2019-09-07 16:54:46:929][INFO ] New One Connected.
[2019-09-07 16:54:49:295][INFO ] User Drow Disconnect.
[2019-09-07 16:54:49:424][INFO ] New One Connected.
[2019-09-07 16:55:51:840][INFO ] User Test Disconnect.
[2019-09-07 16:55:51:993][INFO ] New One Connected.
[2019-09-07 16:56:10:822][INFO ] User  Disconnect.
[2019-09-07 16:56:10:924][INFO ] New One Connected.
[2019-09-07 16:56:22:253][INFO ] User Drow Disconnect.
[2019-09-07 16:56:22:403][INFO ] New One Connected.
[2019-09-07 16:57:34:625][INFO ] User 风 Disconnect.
[2019-09-07 16:58:19:261][INFO ] New One Connected.
[2019-09-07 16:58:26:796][INFO ] User 尘 Disconnect.
[2019-09-07 16:58:26:938][INFO ] New One Connected.
[2019-09-07 16:59:03:287][INFO ] User 风 Disconnect.
[2019-09-07 16:59:24:760][INFO ] New One Connected.
[2019-09-07 17:00:25:579][INFO ] Application Listening At Port 80
[2019-09-07 17:00:34:213][INFO ] New One Connected.
[2019-09-07 17:00:41:452][INFO ] New One Connected.
[2019-09-07 17:02:29:407][INFO ] User 尘 Disconnect.
[2019-09-07 17:02:42:225][INFO ] New One Connected.
[2019-09-07 17:03:12:228][INFO ] User  Disconnect.
[2019-09-07 17:03:25:101][INFO ] Application Listening At Port 80
[2019-09-07 17:03:26:894][INFO ] New One Connected.
[2019-09-07 17:03:40:573][INFO ] New One Connected.
[2019-09-07 17:04:01:241][INFO ] New One Connected.
[2019-09-07 17:04:13:816][INFO ] New One Connected.
[2019-09-07 17:04:30:376][INFO ] New One Connected.
[2019-09-07 17:04:31:072][INFO ] User 邓新潆 Disconnect.
[2019-09-07 17:04:31:251][INFO ] User  Disconnect.
[2019-09-07 17:04:49:516][INFO ] User 易哈哈 Disconnect.
[2019-09-07 17:04:49:667][INFO ] New One Connected.
[2019-09-07 17:04:49:974][INFO ] User  Disconnect.
[2019-09-07 17:06:44:398][INFO ] Application Listening At Port 80
[2019-09-07 17:06:44:741][INFO ] New One Connected.
[2019-09-07 17:06:51:990][INFO ] New One Connected.
[2019-09-07 17:10:24:895][INFO ] User 邓新潆 Disconnect.
[2019-09-07 17:12:59:549][INFO ] New One Connected.
[2019-09-07 17:13:15:039][INFO ] User 易哈哈 Disconnect.
[2019-09-07 17:13:15:383][INFO ] New One Connected.
[2019-09-07 17:13:32:958][INFO ] User 易哈哈1 Disconnect.
[2019-09-07 17:13:33:333][INFO ] New One Connected.
[2019-09-07 17:14:03:335][INFO ] User  Disconnect.
[2019-09-07 17:17:25:351][INFO ] New One Connected.
[2019-09-07 17:17:55:352][INFO ] User  Disconnect.
[2019-09-07 17:19:42:978][INFO ] New One Connected.
[2019-09-07 17:19:54:172][INFO ] User 易哈哈1 Disconnect.
[2019-09-07 17:19:54:314][INFO ] New One Connected.
[2019-09-07 17:22:12:991][INFO ] User 易哈哈 Disconnect.
[2019-09-07 17:22:13:359][INFO ] New One Connected.
[2019-09-07 17:23:52:156][INFO ] User 易哈哈 Disconnect.
[2019-09-07 17:23:52:345][INFO ] New One Connected.
[2019-09-07 17:24:14:505][INFO ] User 邓晓宇 Disconnect.
[2019-09-07 17:24:14:588][INFO ] New One Connected.
[2019-09-07 17:24:57:574][INFO ] User 易哈哈 Disconnect.
[2019-09-07 17:24:57:730][INFO ] New One Connected.
[2019-09-07 17:25:06:773][INFO ] User 1 Disconnect.
[2019-09-07 17:25:28:613][INFO ] User Test Disconnect.
[2019-09-07 17:25:28:740][INFO ] New One Connected.
[2019-09-07 17:26:51:814][INFO ] User 易哈哈 Disconnect.
[2019-09-07 17:26:51:942][INFO ] New One Connected.
[2019-09-07 17:28:16:310][INFO ] User 易哈哈 Disconnect.
[2019-09-07 17:28:16:437][INFO ] New One Connected.
[2019-09-07 17:28:34:091][INFO ] User 易哈哈 Disconnect.
[2019-09-07 17:28:34:224][INFO ] New One Connected.
[2019-09-07 17:29:35:808][INFO ] User 易哈哈 Disconnect.
[2019-09-07 17:29:41:483][INFO ] New One Connected.
[2019-09-07 17:29:45:496][INFO ] User 易哈哈 Disconnect.
[2019-09-07 17:29:45:775][INFO ] New One Connected.
[2019-09-07 17:31:15:022][INFO ] Application Listening At Port 80
[2019-09-07 17:31:23:000][INFO ] New One Connected.
[2019-09-07 17:31:52:992][INFO ] User  Disconnect.
[2019-09-07 17:46:42:111][INFO ] Application Listening At Port 80
[2019-09-07 17:47:03:628][INFO ] Application Listening At Port 80
[2019-09-07 17:47:41:024][INFO ] Application Listening At Port 80
[2019-09-07 17:47:45:002][INFO ] New One Connected.
[2019-09-07 17:49:23:325][INFO ] Application Listening At Port 80
[2019-09-07 17:49:23:537][INFO ] New One Connected.
[2019-09-07 17:49:23:621][INFO ] New One Connected.
[2019-09-07 17:49:53:531][INFO ] User  Disconnect.
[2019-09-07 17:51:33:187][INFO ] User Drow Disconnect.
[2019-09-07 17:51:33:268][INFO ] New One Connected.
[2019-09-07 17:53:02:121][INFO ] Application Listening At Port 80
[2019-09-07 17:53:03:367][INFO ] New One Connected.
[2019-09-07 17:53:31:631][INFO ] New One Connected.
[2019-09-07 17:53:32:607][INFO ] New One Connected.
[2019-09-07 17:53:32:868][INFO ] New One Connected.
[2019-09-07 17:53:33:363][INFO ] User  Disconnect.
[2019-09-07 17:53:33:630][INFO ] New One Connected.
[2019-09-07 17:54:01:630][INFO ] User  Disconnect.
[2019-09-07 17:54:02:609][INFO ] User  Disconnect.
[2019-09-07 17:54:02:876][INFO ] User  Disconnect.
[2019-09-07 18:05:11:758][INFO ] User Drow Disconnect.
[2019-09-07 18:05:11:875][INFO ] New One Connected.
[2019-09-07 18:05:34:976][INFO ] User 易哈哈 Disconnect.
[2019-09-07 18:05:35:088][INFO ] New One Connected.
[2019-09-07 18:07:40:054][INFO ] User 易哈哈 Disconnect.
[2019-09-07 18:07:40:158][INFO ] New One Connected.
[2019-09-07 18:08:41:849][INFO ] User 易哈哈 Disconnect.
[2019-09-07 18:08:41:954][INFO ] New One Connected.
[2019-09-07 18:09:02:908][INFO ] User 易哈哈 Disconnect.
[2019-09-07 18:09:03:007][INFO ] New One Connected.
[2019-09-07 18:10:39:974][INFO ] Application Listening At Port 80
[2019-09-07 18:10:41:155][INFO ] New One Connected.
[2019-09-07 18:10:44:379][INFO ] User 易哈哈 Disconnect.
[2019-09-07 18:10:44:493][INFO ] New One Connected.
[2019-09-07 18:13:03:031][INFO ] User 易哈哈 Disconnect.
[2019-09-07 18:13:03:114][INFO ] New One Connected.
[2019-09-07 18:13:14:212][INFO ] User 易哈哈 Disconnect.
[2019-09-07 18:15:53:935][INFO ] New One Connected.
[2019-09-07 18:17:13:321][INFO ] User Drow Disconnect.
[2019-09-07 18:17:13:343][INFO ] New One Connected.
[2019-09-07 18:19:19:336][INFO ] User 易哈哈 Disconnect.
[2019-09-07 18:19:19:408][INFO ] New One Connected.
[2019-09-07 18:19:58:467][INFO ] New One Connected.
[2019-09-07 18:20:56:024][INFO ] User Drow Disconnect.
[2019-09-07 18:20:57:377][INFO ] User 易哈哈 Disconnect.
